<?xml version="1.0" encoding="UTF-8"?>
<!-- Generated by org.testng.reporters.JUnitReportReporter -->
<testsuite hostname="DESKTOP-B7BA8B0" failures="0" tests="2" name="DemoTestNG.TestNGfirst" time="48.327" errors="0" timestamp="2023-02-18T11:41:44 IST" skipped="0">
  <testcase classname="DemoTestNG.TestNGfirst" name="testwikipedia" time="25.378"/>
  <system-out/>
  <testcase classname="DemoTestNG.TestNGfirst" name="testImdb" time="22.949"/>
  <system-out/>
</testsuite> <!-- DemoTestNG.TestNGfirst -->
