<?xml version="1.0" encoding="UTF-8"?>
<!-- Generated by org.testng.reporters.JUnitReportReporter -->
<testsuite hostname="DESKTOP-B7BA8B0" failures="0" tests="1" name="DemoTestNG.TestNGfirst" time="25.110" errors="0" timestamp="2023-02-16T14:40:54 IST" skipped="0">
  <testcase classname="DemoTestNG.TestNGfirst" name="testImdb" time="25.110"/>
  <system-out/>
</testsuite> <!-- DemoTestNG.TestNGfirst -->
