<?xml version="1.0" encoding="UTF-8"?>
<!-- Generated by org.testng.reporters.JUnitReportReporter -->
<testsuite hostname="DESKTOP-B7BA8B0" failures="0" tests="2" name="DemoTestNG.TestNGSecond" time="37.122" errors="0" timestamp="2023-02-18T11:41:44 IST" skipped="0">
  <testcase classname="DemoTestNG.TestNGSecond" name="testImdb" time="26.817"/>
  <system-out/>
  <testcase classname="DemoTestNG.TestNGSecond" name="testwikipedia" time="10.305"/>
  <system-out/>
</testsuite> <!-- DemoTestNG.TestNGSecond -->
