<?xml version="1.0" encoding="UTF-8"?>
<!-- Generated by org.testng.reporters.JUnitReportReporter -->
<testsuite hostname="DESKTOP-B7BA8B0" failures="0" tests="1" name="DemoTestNG.TestNGfirst" time="20.298" errors="0" timestamp="2023-02-16T16:24:47 IST" skipped="0">
  <testcase classname="DemoTestNG.TestNGfirst" name="testImdb" time="20.298"/>
  <system-out/>
</testsuite> <!-- DemoTestNG.TestNGfirst -->
