<?xml version="1.0" encoding="UTF-8"?>
<!-- Generated by org.testng.reporters.JUnitReportReporter -->
<testsuite hostname="DESKTOP-B7BA8B0" failures="0" tests="1" name="DemoTestNG.TestNGSecond" time="19.037" errors="0" timestamp="2023-02-16T16:24:47 IST" skipped="0">
  <testcase classname="DemoTestNG.TestNGSecond" name="testwikipedia" time="19.037"/>
  <system-out/>
</testsuite> <!-- DemoTestNG.TestNGSecond -->
