<?xml version="1.0" encoding="UTF-8"?>
<!-- Generated by org.testng.reporters.JUnitReportReporter -->
<testsuite hostname="DESKTOP-B7BA8B0" failures="0" tests="1" name="DemoTestNG.TestNGSecond" time="14.565" errors="0" timestamp="2023-02-16T14:40:54 IST" skipped="0">
  <testcase classname="DemoTestNG.TestNGSecond" name="testwikipedia" time="14.565"/>
  <system-out/>
</testsuite> <!-- DemoTestNG.TestNGSecond -->
